#
# A fatal error has been detected by the Java Runtime Environment:
#
#  SIGSEGV (0xb) at pc=0xb6c86891, pid=13269, tid=3074492736
#
# JRE version: 7.0_03-b147
# Java VM: OpenJDK Client VM (22.0-b10 mixed mode, sharing linux-x86 )
# Derivative: IcedTea7 2.1.1pre
# Distribution: Ubuntu 12.04 LTS, package 7~u3-2.1.1~pre1-1ubuntu3
# Problematic frame:
# V  [libjvm.so+0x258891]  get_method_id(JNIEnv_*, _jclass*, char const*, char const*, bool, Thread*) [clone .isra.106]+0x81
#
# Failed to write core dump. Core dumps have been disabled. To enable core dumping, try "ulimit -c unlimited" before starting Java again
#
# If you would like to submit a bug report, please include
# instructions on how to reproduce the bug and visit:
#   https://bugs.launchpad.net/ubuntu/+source/openjdk-7/
#

---------------  T H R E A D  ---------------

Current thread (0x08719c00):  JavaThread "main" [_thread_in_vm, id=13269, stack(0xbf92d000,0xbf97d000)]

siginfo:si_signo=SIGSEGV: si_errno=0, si_code=1 (SEGV_MAPERR), si_addr=0x00000000

Registers:
EAX=0x93f83e28, EBX=0xb6fc7ff4, ECX=0xb6fc7ff4, EDX=0x93f83e28
ESP=0xbf97ad80, EBP=0x93f83e28, ESI=0x00000000, EDI=0x93fb6548
EIP=0xb6c86891, EFLAGS=0x00010286, CR2=0x00000000

Top of Stack: (sp=0xbf97ad80)
0xbf97ad80:   b7407ff2 00000000 bf97adcc b6c76538
0xbf97ad90:   b6fc7ff4 b6fc7ff4 08719c00 b6c8bf00
0xbf97ada0:   bf97ae08 08757b70 00000001 bf97adcc
0xbf97adb0:   00000000 00000001 087577e4 00da8aa6
0xbf97adc0:   08719c00 00000005 00000000 00000000
0xbf97add0:   087144cc 08757b70 00000000 b6fc7ff4
0xbf97ade0:   bf97ae18 08719c00 08719d20 b6c8cff3
0xbf97adf0:   b7407ff2 00000000 08719c00 bf97acb4 

Instructions: (pc=0xb6c86891)
0xb6c86871:   24 89 54 24 08 89 44 24 04 e8 01 5d 18 00 85 ff
0xb6c86881:   89 c5 0f 84 7f 03 00 00 85 c0 0f 84 07 02 00 00
0xb6c86891:   8b 06 89 04 24 e8 e5 5a ff ff 84 c0 0f 85 9d 02
0xb6c868a1:   00 00 8b 06 31 f6 89 04 24 e8 41 58 ff ff 89 c2 

Register to memory mapping:

EAX=0x93f83e28 is an unknown value
EBX=0xb6fc7ff4: <offset 0x599ff4> in /usr/lib/jvm/java-7-openjdk-i386/jre/lib/i386/client/libjvm.so at 0xb6a2e000
ECX=0xb6fc7ff4: <offset 0x599ff4> in /usr/lib/jvm/java-7-openjdk-i386/jre/lib/i386/client/libjvm.so at 0xb6a2e000
EDX=0x93f83e28 is an unknown value
ESP=0xbf97ad80 is pointing into the stack for thread: 0x08719c00
EBP=0x93f83e28 is an unknown value
ESI=0x00000000 is an unknown value
EDI=0x93fb6548 is an unknown value


Stack: [0xbf92d000,0xbf97d000],  sp=0xbf97ad80,  free space=311k
Native frames: (J=compiled Java code, j=interpreted, Vv=VM code, C=native code)
V  [libjvm.so+0x258891]  get_method_id(JNIEnv_*, _jclass*, char const*, char const*, bool, Thread*) [clone .isra.106]+0x81


---------------  P R O C E S S  ---------------

Java Threads: ( => current thread )
  0x08753400 JavaThread "Service Thread" daemon [_thread_blocked, id=13279, stack(0xb322e000,0xb327f000)]
  0x08751400 JavaThread "C1 CompilerThread0" daemon [_thread_blocked, id=13278, stack(0xb327f000,0xb3300000)]
  0x0874fc00 JavaThread "Signal Dispatcher" daemon [_thread_blocked, id=13277, stack(0xb380d000,0xb385e000)]
  0x08741800 JavaThread "Finalizer" daemon [_thread_blocked, id=13276, stack(0xb385e000,0xb38af000)]
  0x08740000 JavaThread "Reference Handler" daemon [_thread_blocked, id=13275, stack(0xb38af000,0xb3900000)]
=>0x08719c00 JavaThread "main" [_thread_in_vm, id=13269, stack(0xbf92d000,0xbf97d000)]

Other Threads:
  0x0873e800 VMThread [stack: 0xb3a0e000,0xb3a8f000] [id=13274]
  0x08755800 WatcherThread [stack: 0xb307f000,0xb3100000] [id=13280]

VM state:not at safepoint (normal execution)

VM Mutex/Monitor currently owned by a thread: None

Heap
 def new generation   total 4928K, used 200K [0x6e980000, 0x6eed0000, 0x79420000)
  eden space 4416K,   4% used [0x6e980000, 0x6e9b22c8, 0x6edd0000)
  from space 512K,   0% used [0x6edd0000, 0x6edd0000, 0x6ee50000)
  to   space 512K,   0% used [0x6ee50000, 0x6ee50000, 0x6eed0000)
 tenured generation   total 10944K, used 0K [0x79420000, 0x79ed0000, 0x8e980000)
   the space 10944K,   0% used [0x79420000, 0x79420000, 0x79420200, 0x79ed0000)
 compacting perm gen  total 12288K, used 53K [0x8e980000, 0x8f580000, 0x92980000)
   the space 12288K,   0% used [0x8e980000, 0x8e98d6d0, 0x8e98d800, 0x8f580000)
    ro space 10240K,  60% used [0x92980000, 0x92f8ebf8, 0x92f8ec00, 0x93380000)
    rw space 12288K,  61% used [0x93380000, 0x93ae4ae8, 0x93ae4c00, 0x93f80000)

Code Cache  [0xb3f05000, 0xb3f9d000, 0xb5f05000)
 total_blobs=126 nmethods=1 adapters=62 free_code_cache=32190Kb largest_free_block=32963264

Dynamic libraries:
08048000-0804b000 r-xp 00000000 08:06 4195198    /home/hako/workspace/fuzuli/Main/Release/fuzuli
0804b000-0804c000 r--p 00002000 08:06 4195198    /home/hako/workspace/fuzuli/Main/Release/fuzuli
0804c000-0804d000 rw-p 00003000 08:06 4195198    /home/hako/workspace/fuzuli/Main/Release/fuzuli
0870b000-0876f000 rw-p 00000000 00:00 0          [heap]
6e980000-6eed0000 rw-p 00000000 00:00 0 
6eed0000-79420000 rw-p 00000000 00:00 0 
79420000-79ed0000 rw-p 00000000 00:00 0 
79ed0000-8e980000 rw-p 00000000 00:00 0 
8e980000-8f580000 rw-p 00000000 00:00 0 
8f580000-92980000 rw-p 00000000 00:00 0 
92980000-92f8f000 r--s 00001000 08:05 3278434    /usr/lib/jvm/java-7-openjdk-i386/jre/lib/i386/client/classes.jsa
92f8f000-93380000 rw-p 00000000 00:00 0 
93380000-93ae5000 rw-p 00610000 08:05 3278434    /usr/lib/jvm/java-7-openjdk-i386/jre/lib/i386/client/classes.jsa
93ae5000-93f80000 rw-p 00000000 00:00 0 
93f80000-94295000 rw-p 00d75000 08:05 3278434    /usr/lib/jvm/java-7-openjdk-i386/jre/lib/i386/client/classes.jsa
94295000-94380000 rw-p 00000000 00:00 0 
94380000-94389000 r-xs 0108a000 08:05 3278434    /usr/lib/jvm/java-7-openjdk-i386/jre/lib/i386/client/classes.jsa
94389000-94780000 rw-p 00000000 00:00 0 
b2e00000-b2e21000 rw-p 00000000 00:00 0 
b2e21000-b2f00000 ---p 00000000 00:00 0 
b2f00000-b2f21000 rw-p 00000000 00:00 0 
b2f21000-b3000000 ---p 00000000 00:00 0 
b307f000-b3080000 ---p 00000000 00:00 0 
b3080000-b3100000 rw-p 00000000 00:00 0 
b3100000-b3121000 rw-p 00000000 00:00 0 
b3121000-b3200000 ---p 00000000 00:00 0 
b322e000-b3231000 ---p 00000000 00:00 0 
b3231000-b327f000 rw-p 00000000 00:00 0 
b327f000-b3282000 ---p 00000000 00:00 0 
b3282000-b3300000 rw-p 00000000 00:00 0 
b3300000-b3500000 r--p 00000000 08:05 3277800    /usr/lib/locale/locale-archive
b3500000-b3521000 rw-p 00000000 00:00 0 
b3521000-b3600000 ---p 00000000 00:00 0 
b3600000-b3621000 rw-p 00000000 00:00 0 
b3621000-b3700000 ---p 00000000 00:00 0 
b3700000-b3721000 rw-p 00000000 00:00 0 
b3721000-b3800000 ---p 00000000 00:00 0 
b380d000-b3810000 ---p 00000000 00:00 0 
b3810000-b385e000 rw-p 00000000 00:00 0 
b385e000-b3861000 ---p 00000000 00:00 0 
b3861000-b38af000 rw-p 00000000 00:00 0 
b38af000-b38b2000 ---p 00000000 00:00 0 
b38b2000-b3900000 rw-p 00000000 00:00 0 
b3900000-b3921000 rw-p 00000000 00:00 0 
b3921000-b3a00000 ---p 00000000 00:00 0 
b3a0e000-b3a0f000 ---p 00000000 00:00 0 
b3a0f000-b3ad7000 rw-p 00000000 00:00 0 
b3ad7000-b3c86000 r--s 03e91000 08:05 3279672    /usr/lib/jvm/java-7-openjdk-i386/jre/lib/rt.jar
b3c86000-b3c94000 rw-p 00000000 00:00 0 
b3c94000-b3cae000 rw-p 00000000 00:00 0 
b3cae000-b3cb4000 rw-p 00000000 00:00 0 
b3cb4000-b3d59000 rw-p 00000000 00:00 0 
b3d59000-b3d5c000 rw-p 00000000 00:00 0 
b3d5c000-b3dae000 rw-p 00000000 00:00 0 
b3dae000-b3db4000 rw-p 00000000 00:00 0 
b3db4000-b3e59000 rw-p 00000000 00:00 0 
b3e59000-b3e5f000 rw-p 00000000 00:00 0 
b3e5f000-b3e79000 rw-p 00000000 00:00 0 
b3e79000-b3e88000 rw-p 00000000 00:00 0 
b3e88000-b3f05000 rw-p 00000000 00:00 0 
b3f05000-b3f9d000 rwxp 00000000 00:00 0 
b3f9d000-b5f05000 rw-p 00000000 00:00 0 
b5f05000-b5f10000 r-xp 00000000 08:03 529182     /lib/i386-linux-gnu/libnss_files-2.15.so
b5f10000-b5f11000 r--p 0000a000 08:03 529182     /lib/i386-linux-gnu/libnss_files-2.15.so
b5f11000-b5f12000 rw-p 0000b000 08:03 529182     /lib/i386-linux-gnu/libnss_files-2.15.so
b5f12000-b5f1c000 r-xp 00000000 08:03 529184     /lib/i386-linux-gnu/libnss_nis-2.15.so
b5f1c000-b5f1d000 r--p 00009000 08:03 529184     /lib/i386-linux-gnu/libnss_nis-2.15.so
b5f1d000-b5f1e000 rw-p 0000a000 08:03 529184     /lib/i386-linux-gnu/libnss_nis-2.15.so
b5f1e000-b5f34000 r-xp 00000000 08:03 529179     /lib/i386-linux-gnu/libnsl-2.15.so
b5f34000-b5f35000 r--p 00015000 08:03 529179     /lib/i386-linux-gnu/libnsl-2.15.so
b5f35000-b5f36000 rw-p 00016000 08:03 529179     /lib/i386-linux-gnu/libnsl-2.15.so
b5f36000-b5f38000 rw-p 00000000 00:00 0 
b5f3e000-b5f44000 rw-p 00000000 00:00 0 
b5f44000-b5f4c000 r-xp 00000000 08:05 3287683    /usr/lib/jvm/java-7-openjdk-i386/jre/lib/i386/libzip.so
b5f4c000-b5f4d000 r--p 00007000 08:05 3287683    /usr/lib/jvm/java-7-openjdk-i386/jre/lib/i386/libzip.so
b5f4d000-b5f4e000 rw-p 00008000 08:05 3287683    /usr/lib/jvm/java-7-openjdk-i386/jre/lib/i386/libzip.so
b5f4e000-b5f56000 rw-s 00000000 08:03 786479     /tmp/hsperfdata_root/13269
b5f56000-b5f7b000 r-xp 00000000 08:05 3287664    /usr/lib/jvm/java-7-openjdk-i386/jre/lib/i386/libjava.so
b5f7b000-b5f7c000 r--p 00025000 08:05 3287664    /usr/lib/jvm/java-7-openjdk-i386/jre/lib/i386/libjava.so
b5f7c000-b5f7d000 rw-p 00026000 08:05 3287664    /usr/lib/jvm/java-7-openjdk-i386/jre/lib/i386/libjava.so
b5f7d000-b5f84000 r-xp 00000000 08:03 529189     /lib/i386-linux-gnu/librt-2.15.so
b5f84000-b5f85000 r--p 00006000 08:03 529189     /lib/i386-linux-gnu/librt-2.15.so
b5f85000-b5f86000 rw-p 00007000 08:03 529189     /lib/i386-linux-gnu/librt-2.15.so
b5f86000-b5f87000 rw-p 00000000 00:00 0 
b5f87000-b5f8c000 r-xp 00000000 08:05 3284083    /usr/lib/i386-linux-gnu/libXdmcp.so.6.0.0
b5f8c000-b5f8d000 r--p 00004000 08:05 3284083    /usr/lib/i386-linux-gnu/libXdmcp.so.6.0.0
b5f8d000-b5f8e000 rw-p 00005000 08:05 3284083    /usr/lib/i386-linux-gnu/libXdmcp.so.6.0.0
b5f8e000-b5f90000 r-xp 00000000 08:05 3284080    /usr/lib/i386-linux-gnu/libXau.so.6.0.0
b5f90000-b5f91000 r--p 00001000 08:05 3284080    /usr/lib/i386-linux-gnu/libXau.so.6.0.0
b5f91000-b5f92000 rw-p 00002000 08:05 3284080    /usr/lib/i386-linux-gnu/libXau.so.6.0.0
b5f92000-b5fb8000 r-xp 00000000 08:03 525277     /lib/i386-linux-gnu/libexpat.so.1.5.2
b5fb8000-b5fb9000 ---p 00026000 08:03 525277     /lib/i386-linux-gnu/libexpat.so.1.5.2
b5fb9000-b5fbb000 r--p 00026000 08:03 525277     /lib/i386-linux-gnu/libexpat.so.1.5.2
b5fbb000-b5fbc000 rw-p 00028000 08:03 525277     /lib/i386-linux-gnu/libexpat.so.1.5.2
b5fbc000-b5fc4000 r-xp 00000000 08:05 3285513    /usr/lib/i386-linux-gnu/libXrender.so.1.3.0
b5fc4000-b5fc5000 r--p 00007000 08:05 3285513    /usr/lib/i386-linux-gnu/libXrender.so.1.3.0
b5fc5000-b5fc6000 rw-p 00008000 08:05 3285513    /usr/lib/i386-linux-gnu/libXrender.so.1.3.0
b5fc6000-b5fd6000 r-xp 00000000 08:05 3282040    /usr/lib/i386-linux-gnu/libXext.so.6.4.0
b5fd6000-b5fd7000 r--p 0000f000 08:05 3282040    /usr/lib/i386-linux-gnu/libXext.so.6.4.0
b5fd7000-b5fd8000 rw-p 00010000 08:05 3282040    /usr/lib/i386-linux-gnu/libXext.so.6.4.0
b5fd8000-b5ff7000 r-xp 00000000 08:05 3284086    /usr/lib/i386-linux-gnu/libxcb.so.1.1.0
b5ff7000-b5ff8000 r--p 0001f000 08:05 3284086    /usr/lib/i386-linux-gnu/libxcb.so.1.1.0
b5ff8000-b5ff9000 rw-p 00020000 08:05 3284086    /usr/lib/i386-linux-gnu/libxcb.so.1.1.0
b5ff9000-b6021000 r-xp 00000000 08:03 525236     /lib/i386-linux-gnu/libpng12.so.0.46.0
b6021000-b6022000 r--p 00027000 08:03 525236     /lib/i386-linux-gnu/libpng12.so.0.46.0
b6022000-b6023000 rw-p 00028000 08:03 525236     /lib/i386-linux-gnu/libpng12.so.0.46.0
b6023000-b60b8000 r-xp 00000000 08:05 3277439    /usr/lib/i386-linux-gnu/libfreetype.so.6.8.0
b60b8000-b60bc000 r--p 00094000 08:05 3277439    /usr/lib/i386-linux-gnu/libfreetype.so.6.8.0
b60bc000-b60bd000 rw-p 00098000 08:05 3277439    /usr/lib/i386-linux-gnu/libfreetype.so.6.8.0
b60bd000-b6101000 r-xp 00000000 08:05 3276993    /usr/lib/i386-linux-gnu/libjpeg.so.8.0.2
b6101000-b6102000 r--p 00044000 08:05 3276993    /usr/lib/i386-linux-gnu/libjpeg.so.8.0.2
b6102000-b6103000 rw-p 00045000 08:05 3276993    /usr/lib/i386-linux-gnu/libjpeg.so.8.0.2
b6103000-b6113000 rw-p 00000000 00:00 0 
b6113000-b6123000 r-xp 00000000 08:05 3281448    /usr/lib/i386-linux-gnu/libXpm.so.4.11.0
b6123000-b6124000 r--p 0000f000 08:05 3281448    /usr/lib/i386-linux-gnu/libXpm.so.4.11.0
b6124000-b6125000 rw-p 00010000 08:05 3281448    /usr/lib/i386-linux-gnu/libXpm.so.4.11.0
b6125000-b6157000 r-xp 00000000 08:05 3279543    /usr/lib/i386-linux-gnu/libfontconfig.so.1.4.4
b6157000-b6158000 r--p 00032000 08:05 3279543    /usr/lib/i386-linux-gnu/libfontconfig.so.1.4.4
b6158000-b6159000 rw-p 00033000 08:05 3279543    /usr/lib/i386-linux-gnu/libfontconfig.so.1.4.4
b6159000-b616d000 r-xp 00000000 08:05 3285687    /usr/lib/i386-linux-gnu/libXft.so.2.2.0
b616d000-b616e000 r--p 00013000 08:05 3285687    /usr/lib/i386-linux-gnu/libXft.so.2.2.0
b616e000-b616f000 rw-p 00014000 08:05 3285687    /usr/lib/i386-linux-gnu/libXft.so.2.2.0
b616f000-b6171000 r-xp 00000000 08:05 3276841    /usr/lib/i386-linux-gnu/libXss.so.1.0.0
b6171000-b6172000 r--p 00001000 08:05 3276841    /usr/lib/i386-linux-gnu/libXss.so.1.0.0
b6172000-b6173000 rw-p 00002000 08:05 3276841    /usr/lib/i386-linux-gnu/libXss.so.1.0.0
b6173000-b62a3000 r-xp 00000000 08:05 3280088    /usr/lib/i386-linux-gnu/libX11.so.6.3.0
b62a3000-b62a4000 r--p 0012f000 08:05 3280088    /usr/lib/i386-linux-gnu/libX11.so.6.3.0
b62a4000-b62a6000 rw-p 00130000 08:05 3280088    /usr/lib/i386-linux-gnu/libX11.so.6.3.0
b62a6000-b62a7000 rw-p 00000000 00:00 0 
b62a7000-b62bb000 r-xp 00000000 08:03 525275     /lib/i386-linux-gnu/libz.so.1.2.3.4
b62bb000-b62bc000 r--p 00013000 08:03 525275     /lib/i386-linux-gnu/libz.so.1.2.3.4
b62bc000-b62bd000 rw-p 00014000 08:03 525275     /lib/i386-linux-gnu/libz.so.1.2.3.4
b62bd000-b62d4000 r-xp 00000000 08:03 529187     /lib/i386-linux-gnu/libpthread-2.15.so
b62d4000-b62d5000 r--p 00016000 08:03 529187     /lib/i386-linux-gnu/libpthread-2.15.so
b62d5000-b62d6000 rw-p 00017000 08:03 529187     /lib/i386-linux-gnu/libpthread-2.15.so
b62d6000-b62d8000 rw-p 00000000 00:00 0 
b62d8000-b63eb000 r-xp 00000000 08:05 3287556    /usr/lib/libtcl8.5.so.0
b63eb000-b63ed000 r--p 00113000 08:05 3287556    /usr/lib/libtcl8.5.so.0
b63ed000-b63f1000 rw-p 00115000 08:05 3287556    /usr/lib/libtcl8.5.so.0
b63f1000-b63f2000 rw-p 00000000 00:00 0 
b63f2000-b668f000 r-xp 00000000 08:05 3284111    /usr/lib/i386-linux-gnu/libmysqlclient.so.18.0.0
b668f000-b6692000 r--p 0029d000 08:05 3284111    /usr/lib/i386-linux-gnu/libmysqlclient.so.18.0.0
b6692000-b6708000 rw-p 002a0000 08:05 3284111    /usr/lib/i386-linux-gnu/libmysqlclient.so.18.0.0
b6708000-b670b000 rw-p 00000000 00:00 0 
b670b000-b672c000 r-xp 00000000 08:05 3281208    /usr/lib/i386-linux-gnu/libgd.so.2.0.0
b672c000-b672d000 r--p 00020000 08:05 3281208    /usr/lib/i386-linux-gnu/libgd.so.2.0.0
b672d000-b674c000 rw-p 00021000 08:05 3281208    /usr/lib/i386-linux-gnu/libgd.so.2.0.0
b674c000-b6750000 rw-p 00000000 00:00 0 
b6750000-b6871000 r-xp 00000000 08:05 3287560    /usr/lib/libtk8.5.so.0
b6871000-b6872000 ---p 00121000 08:05 3287560    /usr/lib/libtk8.5.so.0
b6872000-b6878000 r--p 00121000 08:05 3287560    /usr/lib/libtk8.5.so.0
b6878000-b6883000 rw-p 00127000 08:05 3287560    /usr/lib/libtk8.5.so.0
b6883000-b6a15000 r-xp 00000000 08:03 524525     /lib/i386-linux-gnu/libcrypto.so.1.0.0
b6a15000-b6a24000 r--p 00192000 08:03 524525     /lib/i386-linux-gnu/libcrypto.so.1.0.0
b6a24000-b6a2b000 rw-p 001a1000 08:03 524525     /lib/i386-linux-gnu/libcrypto.so.1.0.0
b6a2b000-b6a2e000 rw-p 00000000 00:00 0 
b6a2e000-b6fb2000 r-xp 00000000 08:05 3283736    /usr/lib/jvm/java-7-openjdk-i386/jre/lib/i386/client/libjvm.so
b6fb2000-b6fc8000 r--p 00583000 08:05 3283736    /usr/lib/jvm/java-7-openjdk-i386/jre/lib/i386/client/libjvm.so
b6fc8000-b6fd7000 rw-p 00599000 08:05 3283736    /usr/lib/jvm/java-7-openjdk-i386/jre/lib/i386/client/libjvm.so
b6fd7000-b73f0000 rw-p 00000000 00:00 0 
b73f0000-b740d000 r-xp 00000000 08:05 3278646    /usr/lib/fuzuli/libFuzuliCore.so
b740d000-b740e000 r--p 0001c000 08:05 3278646    /usr/lib/fuzuli/libFuzuliCore.so
b740e000-b740f000 rw-p 0001d000 08:05 3278646    /usr/lib/fuzuli/libFuzuliCore.so
b740f000-b7411000 rw-p 00000000 00:00 0 
b7411000-b742d000 r-xp 00000000 08:03 524346     /lib/i386-linux-gnu/libtinfo.so.5.9
b742d000-b742f000 r--p 0001b000 08:03 524346     /lib/i386-linux-gnu/libtinfo.so.5.9
b742f000-b7430000 rw-p 0001d000 08:03 524346     /lib/i386-linux-gnu/libtinfo.so.5.9
b7430000-b7431000 rw-p 00000000 00:00 0 
b7431000-b745b000 r-xp 00000000 08:03 529177     /lib/i386-linux-gnu/libm-2.15.so
b745b000-b745c000 r--p 00029000 08:03 529177     /lib/i386-linux-gnu/libm-2.15.so
b745c000-b745d000 rw-p 0002a000 08:03 529177     /lib/i386-linux-gnu/libm-2.15.so
b745d000-b7460000 r-xp 00000000 08:03 529176     /lib/i386-linux-gnu/libdl-2.15.so
b7460000-b7461000 r--p 00002000 08:03 529176     /lib/i386-linux-gnu/libdl-2.15.so
b7461000-b7462000 rw-p 00003000 08:03 529176     /lib/i386-linux-gnu/libdl-2.15.so
b7462000-b7601000 r-xp 00000000 08:03 529173     /lib/i386-linux-gnu/libc-2.15.so
b7601000-b7603000 r--p 0019f000 08:03 529173     /lib/i386-linux-gnu/libc-2.15.so
b7603000-b7604000 rw-p 001a1000 08:03 529173     /lib/i386-linux-gnu/libc-2.15.so
b7604000-b7607000 rw-p 00000000 00:00 0 
b7607000-b7623000 r-xp 00000000 08:03 524308     /lib/i386-linux-gnu/libgcc_s.so.1
b7623000-b7624000 r--p 0001b000 08:03 524308     /lib/i386-linux-gnu/libgcc_s.so.1
b7624000-b7625000 rw-p 0001c000 08:03 524308     /lib/i386-linux-gnu/libgcc_s.so.1
b7625000-b76fd000 r-xp 00000000 08:05 3278714    /usr/lib/i386-linux-gnu/libstdc++.so.6.0.16
b76fd000-b76fe000 ---p 000d8000 08:05 3278714    /usr/lib/i386-linux-gnu/libstdc++.so.6.0.16
b76fe000-b7702000 r--p 000d8000 08:05 3278714    /usr/lib/i386-linux-gnu/libstdc++.so.6.0.16
b7702000-b7703000 rw-p 000dc000 08:05 3278714    /usr/lib/i386-linux-gnu/libstdc++.so.6.0.16
b7703000-b770b000 rw-p 00000000 00:00 0 
b770b000-b7740000 r-xp 00000000 08:03 528637     /lib/i386-linux-gnu/libreadline.so.6.2
b7740000-b7741000 r--p 00035000 08:03 528637     /lib/i386-linux-gnu/libreadline.so.6.2
b7741000-b7744000 rw-p 00036000 08:03 528637     /lib/i386-linux-gnu/libreadline.so.6.2
b7744000-b7745000 rw-p 00000000 00:00 0 
b7748000-b7749000 rw-p 00000000 00:00 0 
b7749000-b774a000 r--p 002c5000 08:05 3277800    /usr/lib/locale/locale-archive
b774a000-b7751000 r-xp 00000000 08:03 529180     /lib/i386-linux-gnu/libnss_compat-2.15.so
b7751000-b7752000 r--p 00006000 08:03 529180     /lib/i386-linux-gnu/libnss_compat-2.15.so
b7752000-b7753000 rw-p 00007000 08:03 529180     /lib/i386-linux-gnu/libnss_compat-2.15.so
b7753000-b7754000 rw-p 00000000 00:00 0 
b7754000-b7755000 r--p 00000000 00:00 0 
b7755000-b7761000 r-xp 00000000 08:05 3287682    /usr/lib/jvm/java-7-openjdk-i386/jre/lib/i386/libverify.so
b7761000-b7762000 r--p 0000b000 08:05 3287682    /usr/lib/jvm/java-7-openjdk-i386/jre/lib/i386/libverify.so
b7762000-b7763000 rw-p 0000c000 08:05 3287682    /usr/lib/jvm/java-7-openjdk-i386/jre/lib/i386/libverify.so
b7763000-b779a000 r-xp 00000000 08:05 3284350    /usr/lib/fuzuli/libfuzuli.so
b779a000-b779c000 r--p 00037000 08:05 3284350    /usr/lib/fuzuli/libfuzuli.so
b779c000-b779d000 rw-p 00039000 08:05 3284350    /usr/lib/fuzuli/libfuzuli.so
b779d000-b779f000 rw-p 00000000 00:00 0 
b779f000-b77a0000 r-xp 00000000 00:00 0          [vdso]
b77a0000-b77c0000 r-xp 00000000 08:03 524348     /lib/i386-linux-gnu/ld-2.15.so
b77c0000-b77c1000 r--p 0001f000 08:03 524348     /lib/i386-linux-gnu/ld-2.15.so
b77c1000-b77c2000 rw-p 00020000 08:03 524348     /lib/i386-linux-gnu/ld-2.15.so
bf92d000-bf930000 ---p 00000000 00:00 0 
bf931000-bf97d000 rw-p 00000000 00:00 0          [stack]

VM Arguments:
java_command: <unknown>
Launcher Type: generic

Environment Variables:
PATH=/usr/local/sbin:/usr/local/bin:/usr/sbin:/usr/bin:/sbin:/bin
USERNAME=root
LD_LIBRARY_PATH=/usr/lib/jvm/java-7-openjdk-i386/jre/lib/i386/client:/usr/lib/jvm/java-7-openjdk-i386/jre/lib/i386:
SHELL=/bin/bash
DISPLAY=:0

Signal Handlers:
SIGSEGV: [libjvm.so+0x44a600], sa_mask[0]=0x7ffbfeff, sa_flags=0x10000004
SIGBUS: [libjvm.so+0x44a600], sa_mask[0]=0x7ffbfeff, sa_flags=0x10000004
SIGFPE: [libjvm.so+0x358be0], sa_mask[0]=0x7ffbfeff, sa_flags=0x10000004
SIGPIPE: [libjvm.so+0x358be0], sa_mask[0]=0x7ffbfeff, sa_flags=0x10000004
SIGXFSZ: [libjvm.so+0x358be0], sa_mask[0]=0x7ffbfeff, sa_flags=0x10000004
SIGILL: [libjvm.so+0x358be0], sa_mask[0]=0x7ffbfeff, sa_flags=0x10000004
SIGUSR1: SIG_DFL, sa_mask[0]=0x00000000, sa_flags=0x00000000
SIGUSR2: [libjvm.so+0x358a70], sa_mask[0]=0x00000004, sa_flags=0x10000004
SIGHUP: [libjvm.so+0x3590a0], sa_mask[0]=0x7ffbfeff, sa_flags=0x10000004
SIGINT: [libjvm.so+0x3590a0], sa_mask[0]=0x7ffbfeff, sa_flags=0x10000004
SIGTERM: [libjvm.so+0x3590a0], sa_mask[0]=0x7ffbfeff, sa_flags=0x10000004
SIGQUIT: [libjvm.so+0x3590a0], sa_mask[0]=0x7ffbfeff, sa_flags=0x10000004


---------------  S Y S T E M  ---------------

OS:Ubuntu 12.04 (precise)
uname:Linux 3.2.0-24-generic-pae #39-Ubuntu SMP Mon May 21 18:54:21 UTC 2012 i686
libc:glibc 2.15 NPTL 2.15 
rlimit: STACK 8192k, CORE 0k, NPROC 64196, NOFILE 4096, AS infinity
load average:0.97 0.77 0.61

/proc/meminfo:
MemTotal:        8231652 kB
MemFree:         6142832 kB
Buffers:          164084 kB
Cached:           963772 kB
SwapCached:            0 kB
Active:          1114640 kB
Inactive:         825608 kB
Active(anon):     813144 kB
Inactive(anon):     1656 kB
Active(file):     301496 kB
Inactive(file):   823952 kB
Unevictable:           0 kB
Mlocked:               0 kB
HighTotal:       7434120 kB
HighFree:        5614792 kB
LowTotal:         797532 kB
LowFree:          528040 kB
SwapTotal:      10008572 kB
SwapFree:       10008572 kB
Dirty:              1012 kB
Writeback:             0 kB
AnonPages:        812668 kB
Mapped:           138084 kB
Shmem:              2420 kB
Slab:              65788 kB
SReclaimable:      41892 kB
SUnreclaim:        23896 kB
KernelStack:        4168 kB
PageTables:        11524 kB
NFS_Unstable:          0 kB
Bounce:                0 kB
WritebackTmp:          0 kB
CommitLimit:    14124396 kB
Committed_AS:    4255608 kB
VmallocTotal:     122880 kB
VmallocUsed:       55996 kB
VmallocChunk:      32156 kB
HardwareCorrupted:     0 kB
AnonHugePages:         0 kB
HugePages_Total:       0
HugePages_Free:        0
HugePages_Rsvd:        0
HugePages_Surp:        0
Hugepagesize:       2048 kB
DirectMap4k:        8184 kB
DirectMap2M:      905216 kB


CPU:total 8 (4 cores per cpu, 2 threads per core) family 6 model 30 stepping 5, cmov, cx8, fxsr, mmx, sse, sse2, sse3, ssse3, sse4.1, sse4.2, popcnt, ht

/proc/cpuinfo:
processor	: 0
vendor_id	: GenuineIntel
cpu family	: 6
model		: 30
model name	: Intel(R) Core(TM) i7 CPU         870  @ 2.93GHz
stepping	: 5
microcode	: 0x4
cpu MHz		: 1197.000
cache size	: 8192 KB
physical id	: 0
siblings	: 8
core id		: 0
cpu cores	: 4
apicid		: 0
initial apicid	: 0
fdiv_bug	: no
hlt_bug		: no
f00f_bug	: no
coma_bug	: no
fpu		: yes
fpu_exception	: yes
cpuid level	: 11
wp		: yes
flags		: fpu vme de pse tsc msr pae mce cx8 apic sep mtrr pge mca cmov pat pse36 clflush dts acpi mmx fxsr sse sse2 ss ht tm pbe nx rdtscp lm constant_tsc arch_perfmon pebs bts xtopology nonstop_tsc aperfmperf pni dtes64 monitor ds_cpl vmx smx est tm2 ssse3 cx16 xtpr pdcm sse4_1 sse4_2 popcnt lahf_lm ida dts tpr_shadow vnmi flexpriority ept vpid
bogomips	: 5866.60
clflush size	: 64
cache_alignment	: 64
address sizes	: 36 bits physical, 48 bits virtual
power management:

processor	: 1
vendor_id	: GenuineIntel
cpu family	: 6
model		: 30
model name	: Intel(R) Core(TM) i7 CPU         870  @ 2.93GHz
stepping	: 5
microcode	: 0x4
cpu MHz		: 2927.000
cache size	: 8192 KB
physical id	: 0
siblings	: 8
core id		: 1
cpu cores	: 4
apicid		: 2
initial apicid	: 2
fdiv_bug	: no
hlt_bug		: no
f00f_bug	: no
coma_bug	: no
fpu		: yes
fpu_exception	: yes
cpuid level	: 11
wp		: yes
flags		: fpu vme de pse tsc msr pae mce cx8 apic sep mtrr pge mca cmov pat pse36 clflush dts acpi mmx fxsr sse sse2 ss ht tm pbe nx rdtscp lm constant_tsc arch_perfmon pebs bts xtopology nonstop_tsc aperfmperf pni dtes64 monitor ds_cpl vmx smx est tm2 ssse3 cx16 xtpr pdcm sse4_1 sse4_2 popcnt lahf_lm ida dts tpr_shadow vnmi flexpriority ept vpid
bogomips	: 5866.29
clflush size	: 64
cache_alignment	: 64
address sizes	: 36 bits physical, 48 bits virtual
power management:

processor	: 2
vendor_id	: GenuineIntel
cpu family	: 6
model		: 30
model name	: Intel(R) Core(TM) i7 CPU         870  @ 2.93GHz
stepping	: 5
microcode	: 0x4
cpu MHz		: 2927.000
cache size	: 8192 KB
physical id	: 0
siblings	: 8
core id		: 2
cpu cores	: 4
apicid		: 4
initial apicid	: 4
fdiv_bug	: no
hlt_bug		: no
f00f_bug	: no
coma_bug	: no
fpu		: yes
fpu_exception	: yes
cpuid level	: 11
wp		: yes
flags		: fpu vme de pse tsc msr pae mce cx8 apic sep mtrr pge mca cmov pat pse36 clflush dts acpi mmx fxsr sse sse2 ss ht tm pbe nx rdtscp lm constant_tsc arch_perfmon pebs bts xtopology nonstop_tsc aperfmperf pni dtes64 monitor ds_cpl vmx smx est tm2 ssse3 cx16 xtpr pdcm sse4_1 sse4_2 popcnt lahf_lm ida dts tpr_shadow vnmi flexpriority ept vpid
bogomips	: 5866.30
clflush size	: 64
cache_alignment	: 64
address sizes	: 36 bits physical, 48 bits virtual
power management:

processor	: 3
vendor_id	: GenuineIntel
cpu family	: 6
model		: 30
model name	: Intel(R) Core(TM) i7 CPU         870  @ 2.93GHz
stepping	: 5
microcode	: 0x4
cpu MHz		: 1197.000
cache size	: 8192 KB
physical id	: 0
siblings	: 8
core id		: 3
cpu cores	: 4
apicid		: 6
initial apicid	: 6
fdiv_bug	: no
hlt_bug		: no
f00f_bug	: no
coma_bug	: no
fpu		: yes
fpu_exception	: yes
cpuid level	: 11
wp		: yes
flags		: fpu vme de pse tsc msr pae mce cx8 apic sep mtrr pge mca cmov pat pse36 clflush dts acpi mmx fxsr sse sse2 ss ht tm pbe nx rdtscp lm constant_tsc arch_perfmon pebs bts xtopology nonstop_tsc aperfmperf pni dtes64 monitor ds_cpl vmx smx est tm2 ssse3 cx16 xtpr pdcm sse4_1 sse4_2 popcnt lahf_lm ida dts tpr_shadow vnmi flexpriority ept vpid
bogomips	: 5866.29
clflush size	: 64
cache_alignment	: 64
address sizes	: 36 bits physical, 48 bits virtual
power management:

processor	: 4
vendor_id	: GenuineIntel
cpu family	: 6
model		: 30
model name	: Intel(R) Core(TM) i7 CPU         870  @ 2.93GHz
stepping	: 5
microcode	: 0x4
cpu MHz		: 1197.000
cache size	: 8192 KB
physical id	: 0
siblings	: 8
core id		: 0
cpu cores	: 4
apicid		: 1
initial apicid	: 1
fdiv_bug	: no
hlt_bug		: no
f00f_bug	: no
coma_bug	: no
fpu		: yes
fpu_exception	: yes
cpuid level	: 11
wp		: yes
flags		: fpu vme de pse tsc msr pae mce cx8 apic sep mtrr pge mca cmov pat pse36 clflush dts acpi mmx fxsr sse sse2 ss ht tm pbe nx rdtscp lm constant_tsc arch_perfmon pebs bts xtopology nonstop_tsc aperfmperf pni dtes64 monitor ds_cpl vmx smx est tm2 ssse3 cx16 xtpr pdcm sse4_1 sse4_2 popcnt lahf_lm ida dts tpr_shadow vnmi flexpriority ept vpid
bogomips	: 5866.28
clflush size	: 64
cache_alignment	: 64
address sizes	: 36 bits physical, 48 bits virtual
power management:

processor	: 5
vendor_id	: GenuineIntel
cpu family	: 6
model		: 30
model name	: Intel(R) Core(TM) i7 CPU         870  @ 2.93GHz
stepping	: 5
microcode	: 0x4
cpu MHz		: 1197.000
cache size	: 8192 KB
physical id	: 0
siblings	: 8
core id		: 1
cpu cores	: 4
apicid		: 3
initial apicid	: 3
fdiv_bug	: no
hlt_bug		: no
f00f_bug	: no
coma_bug	: no
fpu		: yes
fpu_exception	: yes
cpuid level	: 11
wp		: yes
flags		: fpu vme de pse tsc msr pae mce cx8 apic sep mtrr pge mca cmov pat pse36 clflush dts acpi mmx fxsr sse sse2 ss ht tm pbe nx rdtscp lm constant_tsc arch_perfmon pebs bts xtopology nonstop_tsc aperfmperf pni dtes64 monitor ds_cpl vmx smx est tm2 ssse3 cx16 xtpr pdcm sse4_1 sse4_2 popcnt lahf_lm ida dts tpr_shadow vnmi flexpriority ept vpid
bogomips	: 5866.29
clflush size	: 64
cache_alignment	: 64
address sizes	: 36 bits physical, 48 bits virtual
power management:

processor	: 6
vendor_id	: GenuineIntel
cpu family	: 6
model		: 30
model name	: Intel(R) Core(TM) i7 CPU         870  @ 2.93GHz
stepping	: 5
microcode	: 0x4
cpu MHz		: 1197.000
cache size	: 8192 KB
physical id	: 0
siblings	: 8
core id		: 2
cpu cores	: 4
apicid		: 5
initial apicid	: 5
fdiv_bug	: no
hlt_bug		: no
f00f_bug	: no
coma_bug	: no
fpu		: yes
fpu_exception	: yes
cpuid level	: 11
wp		: yes
flags		: fpu vme de pse tsc msr pae mce cx8 apic sep mtrr pge mca cmov pat pse36 clflush dts acpi mmx fxsr sse sse2 ss ht tm pbe nx rdtscp lm constant_tsc arch_perfmon pebs bts xtopology nonstop_tsc aperfmperf pni dtes64 monitor ds_cpl vmx smx est tm2 ssse3 cx16 xtpr pdcm sse4_1 sse4_2 popcnt lahf_lm ida dts tpr_shadow vnmi flexpriority ept vpid
bogomips	: 5866.29
clflush size	: 64
cache_alignment	: 64
address sizes	: 36 bits physical, 48 bits virtual
power management:

processor	: 7
vendor_id	: GenuineIntel
cpu family	: 6
model		: 30
model name	: Intel(R) Core(TM) i7 CPU         870  @ 2.93GHz
stepping	: 5
microcode	: 0x4
cpu MHz		: 2927.000
cache size	: 8192 KB
physical id	: 0
siblings	: 8
core id		: 3
cpu cores	: 4
apicid		: 7
initial apicid	: 7
fdiv_bug	: no
hlt_bug		: no
f00f_bug	: no
coma_bug	: no
fpu		: yes
fpu_exception	: yes
cpuid level	: 11
wp		: yes
flags		: fpu vme de pse tsc msr pae mce cx8 apic sep mtrr pge mca cmov pat pse36 clflush dts acpi mmx fxsr sse sse2 ss ht tm pbe nx rdtscp lm constant_tsc arch_perfmon pebs bts xtopology nonstop_tsc aperfmperf pni dtes64 monitor ds_cpl vmx smx est tm2 ssse3 cx16 xtpr pdcm sse4_1 sse4_2 popcnt lahf_lm ida dts tpr_shadow vnmi flexpriority ept vpid
bogomips	: 5866.29
clflush size	: 64
cache_alignment	: 64
address sizes	: 36 bits physical, 48 bits virtual
power management:



Memory: 4k page, physical 8231652k(6142832k free), swap 10008572k(10008572k free)

vm_info: OpenJDK Client VM (22.0-b10) for linux-x86 JRE (1.7.0_03-b147), built on May  2 2012 18:07:15 by "buildd" with gcc 4.6.3

time: Tue Jun  5 16:24:16 2012
elapsed time: 0 seconds

